   1   1   1   0   0   0  Jan
  11   1   2   0   0   0  Jan
   1   1   1   0   0   0  Jan
  11   1   1   0   0   0  Jan
   1   1   1   0   0   0  Jan
  11   1   2   0   0   0  Jan
   1   1   1   0   0   0  Jan
  11   1   1   0   0   0  Jan
   1   1   1   0   0   0  Jan
  23   7  20   0   0   0  Jul
   1   1   1   0   0   0  Jan
  23   7  21   0   0   0  Jul
  23   7  21   0   0   0  Jul
  24   3   2   0   0   0  Mar
   1   1   1   0   0   0  Jan
   1   3   2   0   0   0  Mar
   1   3   2   0   0   0  Mar
   1   3   7   0   0   0  Mar
   1   3   7   0   0   0  Mar
   1   3  12   0   0   0  Mar
   1   3  12   0   0   0  Mar
   1   3  17   0   0   0  Mar
